<?xml version="1.0" encoding="UTF-8"?>
<!-- Generated by org.testng.reporters.JUnitXMLReporter -->
<testsuite hostname="DESKTOP-R44QD4T" failures="12" tests="19" name="Test" time="79.573" errors="0" timestamp="24 Feb 2020 00:52:11 GMT">
  <testcase classname="tests.Excercise1Test" name="searching_a_flight" time="6.654"/>
  <testcase classname="tests.Excercise2Test" name="searching_a_flight_hotel" time="0.002">
    <failure type="java.lang.NullPointerException">
      <![CDATA[java.lang.NullPointerException
	at pageObject.LandingPage.getFlightsAndHotel(LandingPage.java:84)
	at tests.Excercise2Test.searching_a_flight_hotel(Excercise2Test.java:29)
	at java.base/java.util.concurrent.FutureTask.run(FutureTask.java:264)
	at java.base/java.util.concurrent.ThreadPoolExecutor.runWorker(ThreadPoolExecutor.java:1128)
	at java.base/java.util.concurrent.ThreadPoolExecutor$Worker.run(ThreadPoolExecutor.java:628)
	at java.base/java.lang.Thread.run(Thread.java:830)
... Removed 16 stack frames]]>
    </failure>
  </testcase> <!-- searching_a_flight_hotel -->
  <testcase classname="tests.Excercise3Test" name="searching_a_hotel" time="0.001">
    <failure type="java.lang.NullPointerException">
      <![CDATA[java.lang.NullPointerException
	at pageObject.LandingPage.getGoingTo(LandingPage.java:112)
	at tests.Excercise3Test.searching_a_hotel(Excercise3Test.java:13)
	at java.base/java.util.concurrent.FutureTask.run(FutureTask.java:264)
	at java.base/java.util.concurrent.ThreadPoolExecutor.runWorker(ThreadPoolExecutor.java:1128)
	at java.base/java.util.concurrent.ThreadPoolExecutor$Worker.run(ThreadPoolExecutor.java:628)
	at java.base/java.lang.Thread.run(Thread.java:830)
... Removed 16 stack frames]]>
    </failure>
  </testcase> <!-- searching_a_hotel -->
  <testcase classname="tests.Excercise4Test" name="searching_a_flight" time="0.003">
    <failure type="java.lang.NullPointerException">
      <![CDATA[java.lang.NullPointerException
	at pageObject.LandingPage.getFlightsAndHotel(LandingPage.java:84)
	at tests.Excercise4Test.searching_a_flight(Excercise4Test.java:16)
	at java.base/java.util.concurrent.FutureTask.run(FutureTask.java:264)
	at java.base/java.util.concurrent.ThreadPoolExecutor.runWorker(ThreadPoolExecutor.java:1128)
	at java.base/java.util.concurrent.ThreadPoolExecutor$Worker.run(ThreadPoolExecutor.java:628)
	at java.base/java.lang.Thread.run(Thread.java:830)
... Removed 16 stack frames]]>
    </failure>
  </testcase> <!-- searching_a_flight -->
  <testcase classname="tests.Excercise5Test" name="searching_a_cruise" time="0.002">
    <failure type="java.lang.NullPointerException">
      <![CDATA[java.lang.NullPointerException
	at pageObject.LandingPage.getCruises(LandingPage.java:119)
	at tests.Excercise5Test.searching_a_cruise(Excercise5Test.java:26)
	at java.base/java.util.concurrent.FutureTask.run(FutureTask.java:264)
	at java.base/java.util.concurrent.ThreadPoolExecutor.runWorker(ThreadPoolExecutor.java:1128)
	at java.base/java.util.concurrent.ThreadPoolExecutor$Worker.run(ThreadPoolExecutor.java:628)
	at java.base/java.lang.Thread.run(Thread.java:830)
... Removed 16 stack frames]]>
    </failure>
  </testcase> <!-- searching_a_cruise -->
  <testcase classname="tests.Excercise1Test" name="verify_results_on_the_page" time="4.623"/>
  <testcase classname="tests.Excercise2Test" name="verify_validationsPage" time="0.001">
    <failure type="java.lang.NullPointerException">
      <![CDATA[java.lang.NullPointerException
	at pageObject.HotelResultsPage.getSortByPrice(HotelResultsPage.java:27)
	at tests.Excercise2Test.verify_validationsPage(Excercise2Test.java:51)
	at java.base/java.util.concurrent.FutureTask.run(FutureTask.java:264)
	at java.base/java.util.concurrent.ThreadPoolExecutor.runWorker(ThreadPoolExecutor.java:1128)
	at java.base/java.util.concurrent.ThreadPoolExecutor$Worker.run(ThreadPoolExecutor.java:628)
	at java.base/java.lang.Thread.run(Thread.java:830)
... Removed 16 stack frames]]>
    </failure>
  </testcase> <!-- verify_validationsPage -->
  <testcase classname="tests.Excercise3Test" name="Verify_sponsor" time="0.005"/>
  <testcase classname="tests.Excercise5Test" name="verifyDestinations_and_SetFilter" time="0.003">
    <failure type="java.lang.NullPointerException">
      <![CDATA[java.lang.NullPointerException
	at pageObject.CruisesResultsPage.getDestination(CruisesResultsPage.java:29)
	at tests.Excercise5Test.verifyDestinations_and_SetFilter(Excercise5Test.java:42)
	at java.base/java.util.concurrent.FutureTask.run(FutureTask.java:264)
	at java.base/java.util.concurrent.ThreadPoolExecutor.runWorker(ThreadPoolExecutor.java:1128)
	at java.base/java.util.concurrent.ThreadPoolExecutor$Worker.run(ThreadPoolExecutor.java:628)
	at java.base/java.lang.Thread.run(Thread.java:830)
... Removed 16 stack frames]]>
    </failure>
  </testcase> <!-- verifyDestinations_and_SetFilter -->
  <testcase classname="tests.Excercise1Test" name="verify_sorted_results" time="22.022"/>
  <testcase classname="tests.Excercise2Test" name="Sort_byPrice_and_Select3stars" time="0.001">
    <failure type="java.lang.NullPointerException">
      <![CDATA[java.lang.NullPointerException
	at pageObject.HotelResultsPage.getSortByPrice(HotelResultsPage.java:27)
	at tests.Excercise2Test.Sort_byPrice_and_Select3stars(Excercise2Test.java:58)
	at java.base/java.util.concurrent.FutureTask.run(FutureTask.java:264)
	at java.base/java.util.concurrent.ThreadPoolExecutor.runWorker(ThreadPoolExecutor.java:1128)
	at java.base/java.util.concurrent.ThreadPoolExecutor$Worker.run(ThreadPoolExecutor.java:628)
	at java.base/java.lang.Thread.run(Thread.java:830)
... Removed 16 stack frames]]>
    </failure>
  </testcase> <!-- Sort_byPrice_and_Select3stars -->
  <testcase classname="tests.Excercise5Test" name="selectCuiseWithMoreDiscount" time="0.002">
    <failure type="java.lang.NullPointerException">
      <![CDATA[java.lang.NullPointerException
	at pageObject.CruisesResultsPage.getDiscountAmount(CruisesResultsPage.java:41)
	at tests.Excercise5Test.selectCuiseWithMoreDiscount(Excercise5Test.java:73)
	at java.base/java.util.concurrent.FutureTask.run(FutureTask.java:264)
	at java.base/java.util.concurrent.ThreadPoolExecutor.runWorker(ThreadPoolExecutor.java:1128)
	at java.base/java.util.concurrent.ThreadPoolExecutor$Worker.run(ThreadPoolExecutor.java:628)
	at java.base/java.lang.Thread.run(Thread.java:830)
... Removed 16 stack frames]]>
    </failure>
  </testcase> <!-- selectCuiseWithMoreDiscount -->
  <testcase classname="tests.Excercise1Test" name="select_returning_flight" time="0.849"/>
  <testcase classname="tests.Excercise2Test" name="Verify_hotel_Selected" time="0.003">
    <failure type="java.lang.NullPointerException">
      <![CDATA[java.lang.NullPointerException
	at java.base/java.util.Objects.requireNonNull(Objects.java:222)
	at org.openqa.selenium.support.ui.FluentWait.<init>(FluentWait.java:106)
	at org.openqa.selenium.support.ui.WebDriverWait.<init>(WebDriverWait.java:85)
	at org.openqa.selenium.support.ui.WebDriverWait.<init>(WebDriverWait.java:45)
	at tests.Excercise2Test.Verify_hotel_Selected(Excercise2Test.java:94)
	at java.base/java.util.concurrent.FutureTask.run(FutureTask.java:264)
	at java.base/java.util.concurrent.ThreadPoolExecutor.runWorker(ThreadPoolExecutor.java:1128)
	at java.base/java.util.concurrent.ThreadPoolExecutor$Worker.run(ThreadPoolExecutor.java:628)
	at java.base/java.lang.Thread.run(Thread.java:830)
... Removed 16 stack frames]]>
    </failure>
  </testcase> <!-- Verify_hotel_Selected -->
  <testcase classname="tests.Excercise1Test" name="verify_TripDetails" time="9.617"/>
  <testcase classname="tests.Excercise2Test" name="select_departing_flight" time="10.001">
    <failure type="java.lang.NullPointerException">
      <![CDATA[java.lang.NullPointerException
	at pageObject.FlightResultsGoingPage.getSelectButton(FlightResultsGoingPage.java:33)
	at tests.Excercise2Test.select_departing_flight(Excercise2Test.java:120)
	at java.base/java.util.concurrent.FutureTask.run(FutureTask.java:264)
	at java.base/java.util.concurrent.ThreadPoolExecutor.runWorker(ThreadPoolExecutor.java:1128)
	at java.base/java.util.concurrent.ThreadPoolExecutor$Worker.run(ThreadPoolExecutor.java:628)
	at java.base/java.lang.Thread.run(Thread.java:830)
... Removed 16 stack frames]]>
    </failure>
  </testcase> <!-- select_departing_flight -->
  <testcase classname="tests.Excercise1Test" name="verify_WhoIsTravelling" time="0.805"/>
  <testcase classname="tests.Excercise2Test" name="select_returning_flight" time="10.001">
    <failure type="java.lang.NullPointerException">
      <![CDATA[java.lang.NullPointerException
	at pageObject.FlightResultsReturnPage.getSelectButton(FlightResultsReturnPage.java:27)
	at tests.Excercise2Test.select_returning_flight(Excercise2Test.java:137)
	at java.base/java.util.concurrent.FutureTask.run(FutureTask.java:264)
	at java.base/java.util.concurrent.ThreadPoolExecutor.runWorker(ThreadPoolExecutor.java:1128)
	at java.base/java.util.concurrent.ThreadPoolExecutor$Worker.run(ThreadPoolExecutor.java:628)
	at java.base/java.lang.Thread.run(Thread.java:830)
... Removed 16 stack frames]]>
    </failure>
  </testcase> <!-- select_returning_flight -->
  <testcase classname="tests.Excercise2Test" name="TripDetails_and_WhoIsTravelling" time="0.005">
    <failure type="java.lang.NullPointerException">
      <![CDATA[java.lang.NullPointerException
	at pageObject.TripDetailPage.getNext(TripDetailPage.java:35)
	at tests.Excercise2Test.TripDetails_and_WhoIsTravelling(Excercise2Test.java:149)
	at java.base/java.util.concurrent.FutureTask.run(FutureTask.java:264)
	at java.base/java.util.concurrent.ThreadPoolExecutor.runWorker(ThreadPoolExecutor.java:1128)
	at java.base/java.util.concurrent.ThreadPoolExecutor$Worker.run(ThreadPoolExecutor.java:628)
	at java.base/java.lang.Thread.run(Thread.java:830)
... Removed 16 stack frames]]>
    </failure>
  </testcase> <!-- TripDetails_and_WhoIsTravelling -->
</testsuite> <!-- Test -->
