<?xml version="1.0" encoding="UTF-8"?>
<testng-results total="5" passed="5" failed="0" skipped="0">
  <reporter-output>
  </reporter-output>
  <suite started-at="2020-02-29T22:49:59Z" name="Travelocity Automated Suite" finished-at="2020-02-29T22:52:42Z" duration-ms="162564">
    <groups>
    </groups>
    <test started-at="2020-02-29T22:49:59Z" name="Test3" finished-at="2020-02-29T22:50:41Z" duration-ms="41054">
      <class name="com.tests.Excercise3Test">
        <test-method is-config="true" signature="SetUp()[pri:0, instance:com.tests.Excercise3Test@6eeade6c]" started-at="2020-02-29T19:50:00Z" name="SetUp" finished-at="2020-02-29T19:50:27Z" duration-ms="27117" status="PASS">
          <reporter-output>
          </reporter-output>
        </test-method> <!-- SetUp -->
        <test-method signature="excercise3()[pri:0, instance:com.tests.Excercise3Test@6eeade6c]" started-at="2020-02-29T19:50:27Z" name="excercise3" description="Exercise 3" finished-at="2020-02-29T19:50:39Z" duration-ms="12697" status="PASS">
          <reporter-output>
          </reporter-output>
        </test-method> <!-- excercise3 -->
        <test-method is-config="true" signature="teardown()[pri:0, instance:com.tests.Excercise3Test@6eeade6c]" started-at="2020-02-29T19:50:39Z" name="teardown" finished-at="2020-02-29T19:50:41Z" duration-ms="1226" status="PASS">
          <reporter-output>
          </reporter-output>
        </test-method> <!-- teardown -->
      </class> <!-- com.tests.Excercise3Test -->
    </test> <!-- Test3 -->
    <test started-at="2020-02-29T22:49:59Z" name="Test4" finished-at="2020-02-29T22:50:57Z" duration-ms="57146">
      <class name="com.tests.Excercise4Test">
        <test-method is-config="true" signature="SetUp()[pri:0, instance:com.tests.Excercise4Test@57fd91c9]" started-at="2020-02-29T19:49:59Z" name="SetUp" finished-at="2020-02-29T19:50:34Z" duration-ms="34792" status="PASS">
          <reporter-output>
          </reporter-output>
        </test-method> <!-- SetUp -->
        <test-method signature="excercise4()[pri:0, instance:com.tests.Excercise4Test@57fd91c9]" started-at="2020-02-29T19:50:34Z" name="excercise4" description="Exercise 4" finished-at="2020-02-29T19:50:55Z" duration-ms="20798" status="PASS">
          <reporter-output>
          </reporter-output>
        </test-method> <!-- excercise4 -->
        <test-method is-config="true" signature="teardown()[pri:0, instance:com.tests.Excercise4Test@57fd91c9]" started-at="2020-02-29T19:50:55Z" name="teardown" finished-at="2020-02-29T19:50:57Z" duration-ms="1549" status="PASS">
          <reporter-output>
          </reporter-output>
        </test-method> <!-- teardown -->
      </class> <!-- com.tests.Excercise4Test -->
    </test> <!-- Test4 -->
    <test started-at="2020-02-29T22:49:59Z" name="Test5" finished-at="2020-02-29T22:51:01Z" duration-ms="61513">
      <class name="com.tests.Excercise5Test">
        <test-method is-config="true" signature="SetUp()[pri:0, instance:com.tests.Excercise5Test@56a4479a]" started-at="2020-02-29T19:49:59Z" name="SetUp" finished-at="2020-02-29T19:50:27Z" duration-ms="27354" status="PASS">
          <reporter-output>
          </reporter-output>
        </test-method> <!-- SetUp -->
        <test-method signature="excercise5()[pri:0, instance:com.tests.Excercise5Test@56a4479a]" started-at="2020-02-29T19:50:27Z" name="excercise5" description="Exercise 5" finished-at="2020-02-29T19:51:00Z" duration-ms="33299" status="PASS">
          <reporter-output>
          </reporter-output>
        </test-method> <!-- excercise5 -->
        <test-method is-config="true" signature="teardown()[pri:0, instance:com.tests.Excercise5Test@56a4479a]" started-at="2020-02-29T19:51:00Z" name="teardown" finished-at="2020-02-29T19:51:01Z" duration-ms="852" status="PASS">
          <reporter-output>
          </reporter-output>
        </test-method> <!-- teardown -->
      </class> <!-- com.tests.Excercise5Test -->
    </test> <!-- Test5 -->
    <test started-at="2020-02-29T22:49:59Z" name="Test1" finished-at="2020-02-29T22:51:57Z" duration-ms="117881">
      <class name="com.tests.Excercise1Test">
        <test-method is-config="true" signature="SetUp()[pri:0, instance:com.tests.Excercise1Test@549949be]" started-at="2020-02-29T19:49:59Z" name="SetUp" finished-at="2020-02-29T19:50:27Z" duration-ms="27649" status="PASS">
          <reporter-output>
          </reporter-output>
        </test-method> <!-- SetUp -->
        <test-method signature="excercise1()[pri:0, instance:com.tests.Excercise1Test@549949be]" started-at="2020-02-29T19:50:27Z" name="excercise1" description="Exercise 1" finished-at="2020-02-29T19:51:56Z" duration-ms="88631" status="PASS">
          <reporter-output>
          </reporter-output>
        </test-method> <!-- excercise1 -->
        <test-method is-config="true" signature="teardown()[pri:0, instance:com.tests.Excercise1Test@549949be]" started-at="2020-02-29T19:51:56Z" name="teardown" finished-at="2020-02-29T19:51:57Z" duration-ms="1593" status="PASS">
          <reporter-output>
          </reporter-output>
        </test-method> <!-- teardown -->
      </class> <!-- com.tests.Excercise1Test -->
    </test> <!-- Test1 -->
    <test started-at="2020-02-29T22:49:59Z" name="Test2" finished-at="2020-02-29T22:52:42Z" duration-ms="162564">
      <class name="com.tests.Excercise2Test">
        <test-method is-config="true" signature="SetUp()[pri:0, instance:com.tests.Excercise2Test@21baa903]" started-at="2020-02-29T19:49:59Z" name="SetUp" finished-at="2020-02-29T19:50:28Z" duration-ms="28664" status="PASS">
          <reporter-output>
          </reporter-output>
        </test-method> <!-- SetUp -->
        <test-method signature="excercise2()[pri:0, instance:com.tests.Excercise2Test@21baa903]" started-at="2020-02-29T19:50:28Z" name="excercise2" description="Exercise 2" finished-at="2020-02-29T19:52:41Z" duration-ms="133117" status="PASS">
          <reporter-output>
          </reporter-output>
        </test-method> <!-- excercise2 -->
        <test-method is-config="true" signature="teardown()[pri:0, instance:com.tests.Excercise2Test@21baa903]" started-at="2020-02-29T19:52:41Z" name="teardown" finished-at="2020-02-29T19:52:42Z" duration-ms="776" status="PASS">
          <reporter-output>
          </reporter-output>
        </test-method> <!-- teardown -->
      </class> <!-- com.tests.Excercise2Test -->
    </test> <!-- Test2 -->
  </suite> <!-- Travelocity Automated Suite -->
</testng-results>
